<?xml version="1.0" encoding="UTF-8" ?>
<testsuite tests="90" failures="4" name="Runner.TestRunner" time="13.825" errors="2" skipped="0">
  <properties>
    <property name="java.runtime.name" value="Java(TM) SE Runtime Environment"/>
    <property name="cucumber.options" value="--tags @CreateComputer"/>
    <property name="sun.boot.library.path" value="C:\Program Files\Java\jdk1.8.0_131\jre\bin"/>
    <property name="java.vm.version" value="25.131-b11"/>
    <property name="java.vm.vendor" value="Oracle Corporation"/>
    <property name="maven.multiModuleProjectDirectory" value="C:\Backbase"/>
    <property name="java.vendor.url" value="http://java.oracle.com/"/>
    <property name="path.separator" value=";"/>
    <property name="guice.disable.misplaced.annotation.check" value="true"/>
    <property name="java.vm.name" value="Java HotSpot(TM) 64-Bit Server VM"/>
    <property name="file.encoding.pkg" value="sun.io"/>
    <property name="user.script" value=""/>
    <property name="user.country" value="AU"/>
    <property name="sun.java.launcher" value="SUN_STANDARD"/>
    <property name="sun.os.patch.level" value=""/>
    <property name="java.vm.specification.name" value="Java Virtual Machine Specification"/>
    <property name="user.dir" value="C:\Backbase"/>
    <property name="java.runtime.version" value="1.8.0_131-b11"/>
    <property name="java.awt.graphicsenv" value="sun.awt.Win32GraphicsEnvironment"/>
    <property name="java.endorsed.dirs" value="C:\Program Files\Java\jdk1.8.0_131\jre\lib\endorsed"/>
    <property name="os.arch" value="amd64"/>
    <property name="java.io.tmpdir" value="C:\Users\Harish19\AppData\Local\Temp\"/>
    <property name="line.separator" value="
"/>
    <property name="java.vm.specification.vendor" value="Oracle Corporation"/>
    <property name="user.variant" value=""/>
    <property name="os.name" value="Windows 10"/>
    <property name="classworlds.conf" value="C:\apache-maven-3.5.4\bin\..\bin\m2.conf"/>
    <property name="sun.jnu.encoding" value="Cp1252"/>
    <property name="java.library.path" value="C:\Program Files\Java\jdk1.8.0_131\bin;C:\WINDOWS\Sun\Java\bin;C:\WINDOWS\system32;C:\WINDOWS;C:\ProgramData\Oracle\Java\javapath;C:\WINDOWS\system32;C:\WINDOWS;C:\WINDOWS\System32\Wbem;C:\WINDOWS\System32\WindowsPowerShell\v1.0\;C:\Program Files (x86)\Skype\Phone\;C:\Program Files (x86)\Calibre2\;C:\Python 3\Scripts;C:\Python 3\;C:\Program Files\Git\cmd;C:\apache-maven-3.5.4\bin;C:\WINDOWS\System32\OpenSSH\;C:\Program Files\nodejs\;C:\Users\Harish19\Anaconda3;C:\Users\Harish19\Anaconda3\Library\mingw-w64\bin;C:\Users\Harish19\Anaconda3\Library\usr\bin;C:\Users\Harish19\Anaconda3\Library\bin;C:\Users\Harish19\Anaconda3\Scripts;C:\Users\Harish19\AppData\Local\Programs\Python\Python35\Scripts\;C:\Users\Harish19\AppData\Local\Programs\Python\Python35\;C:\Python 3\Scripts\;C:\Python 3\;C:\Users\Harish19\AppData\Local\Microsoft\WindowsApps;C:\apache-maven-3.5.4\bin;C:\Users\Harish19\AppData\Roaming\npm;."/>
    <property name="maven.conf" value="C:\apache-maven-3.5.4\bin\../conf"/>
    <property name="java.specification.name" value="Java Platform API Specification"/>
    <property name="java.class.version" value="52.0"/>
    <property name="sun.management.compiler" value="HotSpot 64-Bit Tiered Compilers"/>
    <property name="os.version" value="10.0"/>
    <property name="library.jansi.path" value="C:\apache-maven-3.5.4\bin\..\lib\jansi-native"/>
    <property name="user.home" value="C:\Users\Harish19"/>
    <property name="user.timezone" value="Australia/Sydney"/>
    <property name="java.awt.printerjob" value="sun.awt.windows.WPrinterJob"/>
    <property name="BROWSER" value="chrome"/>
    <property name="java.specification.version" value="1.8"/>
    <property name="file.encoding" value="Cp1252"/>
    <property name="user.name" value="Harish19"/>
    <property name="java.class.path" value="C:\apache-maven-3.5.4\bin\..\boot\plexus-classworlds-2.5.2.jar"/>
    <property name="java.vm.specification.version" value="1.8"/>
    <property name="sun.arch.data.model" value="64"/>
    <property name="java.home" value="C:\Program Files\Java\jdk1.8.0_131\jre"/>
    <property name="sun.java.command" value="org.codehaus.plexus.classworlds.launcher.Launcher test -Dcucumber.options=--tags @CreateComputer -DBROWSER=chrome -P dev"/>
    <property name="java.specification.vendor" value="Oracle Corporation"/>
    <property name="user.language" value="en"/>
    <property name="awt.toolkit" value="sun.awt.windows.WToolkit"/>
    <property name="java.vm.info" value="mixed mode"/>
    <property name="java.version" value="1.8.0_131"/>
    <property name="java.ext.dirs" value="C:\Program Files\Java\jdk1.8.0_131\jre\lib\ext;C:\WINDOWS\Sun\Java\lib\ext"/>
    <property name="sun.boot.class.path" value="C:\Program Files\Java\jdk1.8.0_131\jre\lib\resources.jar;C:\Program Files\Java\jdk1.8.0_131\jre\lib\rt.jar;C:\Program Files\Java\jdk1.8.0_131\jre\lib\sunrsasign.jar;C:\Program Files\Java\jdk1.8.0_131\jre\lib\jsse.jar;C:\Program Files\Java\jdk1.8.0_131\jre\lib\jce.jar;C:\Program Files\Java\jdk1.8.0_131\jre\lib\charsets.jar;C:\Program Files\Java\jdk1.8.0_131\jre\lib\jfr.jar;C:\Program Files\Java\jdk1.8.0_131\jre\classes"/>
    <property name="sun.stderr.encoding" value="cp850"/>
    <property name="java.vendor" value="Oracle Corporation"/>
    <property name="maven.home" value="C:\apache-maven-3.5.4\bin\.."/>
    <property name="file.separator" value="\"/>
    <property name="java.vendor.url.bug" value="http://bugreport.sun.com/bugreport/"/>
    <property name="sun.cpu.endian" value="little"/>
    <property name="sun.io.unicode.encoding" value="UnicodeLittle"/>
    <property name="sun.stdout.encoding" value="cp850"/>
    <property name="sun.desktop" value="windows"/>
    <property name="sun.cpu.isalist" value="amd64"/>
  </properties>
  <testcase classname="| Melbourne001 | 2012-12-12 | 2013-12-12 | RCA |" name="Given I load the home page" time="0.033"/>
  <testcase classname="| Melbourne001 | 2012-12-12 | 2013-12-12 | RCA |" name="And I note down the computer count" time="0"/>
  <testcase classname="| Melbourne001 | 2012-12-12 | 2013-12-12 | RCA |" name="And I click the create computer button" time="0"/>
  <testcase classname="| Melbourne001 | 2012-12-12 | 2013-12-12 | RCA |" name="And I enter the computer details Melbourne001,2012-12-12,2013-12-12,RCA" time="0"/>
  <testcase classname="| Melbourne001 | 2012-12-12 | 2013-12-12 | RCA |" name="And I click the create this computer button" time="0"/>
  <testcase classname="| Melbourne001 | 2012-12-12 | 2013-12-12 | RCA |" name="Then I verify success message for Melbourne001 is displayed" time="0"/>
  <testcase classname="| Melbourne001 | 2012-12-12 | 2013-12-12 | RCA |" name="| Melbourne001 | 2012-12-12 | 2013-12-12 | RCA |" time="1.535"/>
  <testcase classname="| Melbourne002 | 2012-12-12 | 2013-12-12 | RCA |" name="Given I load the home page" time="0"/>
  <testcase classname="| Melbourne002 | 2012-12-12 | 2013-12-12 | RCA |" name="And I note down the computer count" time="0"/>
  <testcase classname="| Melbourne002 | 2012-12-12 | 2013-12-12 | RCA |" name="And I click the create computer button" time="0"/>
  <testcase classname="| Melbourne002 | 2012-12-12 | 2013-12-12 | RCA |" name="And I enter the computer details Melbourne002,2012-12-12,2013-12-12,RCA" time="0"/>
  <testcase classname="| Melbourne002 | 2012-12-12 | 2013-12-12 | RCA |" name="And I click the create this computer button" time="0"/>
  <testcase classname="| Melbourne002 | 2012-12-12 | 2013-12-12 | RCA |" name="Then I verify success message for Melbourne002 is displayed" time="0"/>
  <testcase classname="| Melbourne002 | 2012-12-12 | 2013-12-12 | RCA |" name="And The computer count is increased by one" time="0"/>
  <testcase classname="| Melbourne002 | 2012-12-12 | 2013-12-12 | RCA |" name="| Melbourne002 | 2012-12-12 | 2013-12-12 | RCA |" time="1.706"/>
  <testcase classname="| Melbourne003 | 2012-12-12 | 2013-12-12 | RCA |" name="Given I load the home page" time="0"/>
  <testcase classname="| Melbourne003 | 2012-12-12 | 2013-12-12 | RCA |" name="And I note down the computer count" time="0"/>
  <testcase classname="| Melbourne003 | 2012-12-12 | 2013-12-12 | RCA |" name="And I click the create computer button" time="0"/>
  <testcase classname="| Melbourne003 | 2012-12-12 | 2013-12-12 | RCA |" name="And I enter the computer details Melbourne003,2012-12-12,2013-12-12,RCA" time="0"/>
  <testcase classname="| Melbourne003 | 2012-12-12 | 2013-12-12 | RCA |" name="And I click the create this computer button" time="0"/>
  <testcase classname="| Melbourne003 | 2012-12-12 | 2013-12-12 | RCA |" name="Then I verify success message for Melbourne003 is displayed" time="0"/>
  <testcase classname="| Melbourne003 | 2012-12-12 | 2013-12-12 | RCA |" name="And I enter the Melbourne003 in the filter text box" time="0"/>
  <testcase classname="| Melbourne003 | 2012-12-12 | 2013-12-12 | RCA |" name="And I click the filter button" time="0"/>
  <testcase classname="| Melbourne003 | 2012-12-12 | 2013-12-12 | RCA |" name="Then I verify the result contains Melbourne003,2012-12-12,2013-12-12,RCA" time="0"/>
  <testcase classname="| Melbourne003 | 2012-12-12 | 2013-12-12 | RCA |" name="| Melbourne003 | 2012-12-12 | 2013-12-12 | RCA |" time="1.599"/>
  <testcase classname="| Melbourne004 |  |  |  |" name="Given I load the home page" time="0"/>
  <testcase classname="| Melbourne004 |  |  |  |" name="And I note down the computer count" time="0"/>
  <testcase classname="| Melbourne004 |  |  |  |" name="And I click the create computer button" time="0"/>
  <testcase classname="| Melbourne004 |  |  |  |" name="And I enter the computer details Melbourne004,,," time="0"/>
  <testcase classname="| Melbourne004 |  |  |  |" name="And I click the create this computer button" time="0"/>
  <testcase classname="| Melbourne004 |  |  |  |" name="Then I verify success message for Melbourne004 is displayed" time="0"/>
  <testcase classname="| Melbourne004 |  |  |  |" name="And I enter the Melbourne004 in the filter text box" time="0"/>
  <testcase classname="| Melbourne004 |  |  |  |" name="And I click the filter button" time="0"/>
  <testcase classname="| Melbourne004 |  |  |  |" name="Then I verify the result contains Melbourne004,,," time="0"/>
  <testcase classname="| Melbourne004 |  |  |  |" name="| Melbourne004 |  |  |  |" time="1.596"/>
  <testcase classname="|  | 2012-12-12 | 2013-12-12 | RCA |" name="Given I load the home page" time="0"/>
  <testcase classname="|  | 2012-12-12 | 2013-12-12 | RCA |" name="And I note down the computer count" time="0"/>
  <testcase classname="|  | 2012-12-12 | 2013-12-12 | RCA |" name="And I click the create computer button" time="0"/>
  <testcase classname="|  | 2012-12-12 | 2013-12-12 | RCA |" name="And I enter the computer details ,2012-12-12,2013-12-12,RCA" time="0"/>
  <testcase classname="|  | 2012-12-12 | 2013-12-12 | RCA |" name="And I click the create this computer button" time="0"/>
  <testcase classname="|  | 2012-12-12 | 2013-12-12 | RCA |" name="And I verify the computer name field is highlighted in red" time="0"/>
  <testcase classname="|  | 2012-12-12 | 2013-12-12 | RCA |" name="And I click the cancel button" time="0"/>
  <testcase classname="|  | 2012-12-12 | 2013-12-12 | RCA |" name="Then The computer count is not increased by one" time="0"/>
  <testcase classname="|  | 2012-12-12 | 2013-12-12 | RCA |" name="|  | 2012-12-12 | 2013-12-12 | RCA |" time="1.916"/>
  <testcase classname="| Melbourne006 | 2012-12-12 | 2013-12-12 | RCA |" name="Given I load the home page" time="0"/>
  <testcase classname="| Melbourne006 | 2012-12-12 | 2013-12-12 | RCA |" name="And I note down the computer count" time="0"/>
  <testcase classname="| Melbourne006 | 2012-12-12 | 2013-12-12 | RCA |" name="And I click the create computer button" time="0"/>
  <testcase classname="| Melbourne006 | 2012-12-12 | 2013-12-12 | RCA |" name="And I enter the computer details Melbourne006,2012-12-12,2013-12-12,RCA" time="0"/>
  <testcase classname="| Melbourne006 | 2012-12-12 | 2013-12-12 | RCA |" name="And I click the cancel button" time="0"/>
  <testcase classname="| Melbourne006 | 2012-12-12 | 2013-12-12 | RCA |" name="And I enter the Melbourne006 in the filter text box" time="0"/>
  <testcase classname="| Melbourne006 | 2012-12-12 | 2013-12-12 | RCA |" name="And I click the filter button" time="0"/>
  <testcase classname="| Melbourne006 | 2012-12-12 | 2013-12-12 | RCA |" name="Then The computer count is not increased by one" time="0.024">
    <error message="no such element: Unable to locate element: {&quot;method&quot;:&quot;xpath&quot;,&quot;selector&quot;:&quot;//h1[contains(text(),&apos;computers found&apos;)]&quot;}
  (Session info: chrome=71.0.3578.98)
  (Driver info: chromedriver=2.40.565498 (ea082db3280dd6843ebfb08a625e3eb905c4f5ab),platform=Windows NT 10.0.17134 x86_64) (WARNING: The server did not provide any stacktrace information)
Command duration or timeout: 0 milliseconds
For documentation on this error, please visit: http://seleniumhq.org/exceptions/no_such_element.html
Build info: version: &apos;3.11.0&apos;, revision: &apos;e59cfb3&apos;, time: &apos;2018-03-11T20:26:55.152Z&apos;
System info: host: &apos;HARISH&apos;, ip: &apos;192.168.1.6&apos;, os.name: &apos;Windows 10&apos;, os.arch: &apos;amd64&apos;, os.version: &apos;10.0&apos;, java.version: &apos;1.8.0_131&apos;
Driver info: org.openqa.selenium.chrome.ChromeDriver
Capabilities {acceptInsecureCerts: false, acceptSslCerts: false, applicationCacheEnabled: false, browserConnectionEnabled: false, browserName: chrome, chrome: {chromedriverVersion: 2.40.565498 (ea082db3280dd6..., userDataDir: C:\Users\Harish19\AppData\L...}, cssSelectorsEnabled: true, databaseEnabled: false, handlesAlerts: true, hasTouchScreen: false, javascriptEnabled: true, locationContextEnabled: true, mobileEmulationEnabled: false, nativeEvents: true, networkConnectionEnabled: false, pageLoadStrategy: normal, platform: XP, platformName: XP, rotatable: false, setWindowRect: true, takesHeapSnapshot: true, takesScreenshot: true, unexpectedAlertBehaviour: , unhandledPromptBehavior: , version: 71.0.3578.98, webStorageEnabled: true}
Session ID: 677f246234d8c94ee960107de718765d
*** Element info: {Using=xpath, value=//h1[contains(text(),&apos;computers found&apos;)]}" type="org.openqa.selenium.NoSuchElementException">org.openqa.selenium.NoSuchElementException: no such element: Unable to locate element: {&quot;method&quot;:&quot;xpath&quot;,&quot;selector&quot;:&quot;//h1[contains(text(),&apos;computers found&apos;)]&quot;}
  (Session info: chrome=71.0.3578.98)
  (Driver info: chromedriver=2.40.565498 (ea082db3280dd6843ebfb08a625e3eb905c4f5ab),platform=Windows NT 10.0.17134 x86_64) (WARNING: The server did not provide any stacktrace information)
Command duration or timeout: 0 milliseconds
For documentation on this error, please visit: http://seleniumhq.org/exceptions/no_such_element.html
Build info: version: &apos;3.11.0&apos;, revision: &apos;e59cfb3&apos;, time: &apos;2018-03-11T20:26:55.152Z&apos;
System info: host: &apos;HARISH&apos;, ip: &apos;192.168.1.6&apos;, os.name: &apos;Windows 10&apos;, os.arch: &apos;amd64&apos;, os.version: &apos;10.0&apos;, java.version: &apos;1.8.0_131&apos;
Driver info: org.openqa.selenium.chrome.ChromeDriver
Capabilities {acceptInsecureCerts: false, acceptSslCerts: false, applicationCacheEnabled: false, browserConnectionEnabled: false, browserName: chrome, chrome: {chromedriverVersion: 2.40.565498 (ea082db3280dd6..., userDataDir: C:\Users\Harish19\AppData\L...}, cssSelectorsEnabled: true, databaseEnabled: false, handlesAlerts: true, hasTouchScreen: false, javascriptEnabled: true, locationContextEnabled: true, mobileEmulationEnabled: false, nativeEvents: true, networkConnectionEnabled: false, pageLoadStrategy: normal, platform: XP, platformName: XP, rotatable: false, setWindowRect: true, takesHeapSnapshot: true, takesScreenshot: true, unexpectedAlertBehaviour: , unhandledPromptBehavior: , version: 71.0.3578.98, webStorageEnabled: true}
Session ID: 677f246234d8c94ee960107de718765d
*** Element info: {Using=xpath, value=//h1[contains(text(),&apos;computers found&apos;)]}
	at sun.reflect.NativeConstructorAccessorImpl.newInstance0(Native Method)
	at sun.reflect.NativeConstructorAccessorImpl.newInstance(NativeConstructorAccessorImpl.java:62)
	at sun.reflect.DelegatingConstructorAccessorImpl.newInstance(DelegatingConstructorAccessorImpl.java:45)
	at java.lang.reflect.Constructor.newInstance(Constructor.java:423)
	at org.openqa.selenium.remote.ErrorHandler.createThrowable(ErrorHandler.java:214)
	at org.openqa.selenium.remote.ErrorHandler.throwIfResponseFailed(ErrorHandler.java:166)
	at org.openqa.selenium.remote.http.JsonHttpResponseCodec.reconstructValue(JsonHttpResponseCodec.java:40)
	at org.openqa.selenium.remote.http.AbstractHttpResponseCodec.decode(AbstractHttpResponseCodec.java:80)
	at org.openqa.selenium.remote.http.AbstractHttpResponseCodec.decode(AbstractHttpResponseCodec.java:44)
	at org.openqa.selenium.remote.HttpCommandExecutor.execute(HttpCommandExecutor.java:158)
	at org.openqa.selenium.remote.service.DriverCommandExecutor.execute(DriverCommandExecutor.java:83)
	at org.openqa.selenium.remote.RemoteWebDriver.execute(RemoteWebDriver.java:545)
	at org.openqa.selenium.remote.RemoteWebDriver.findElement(RemoteWebDriver.java:319)
	at org.openqa.selenium.remote.RemoteWebDriver.findElementByXPath(RemoteWebDriver.java:421)
	at org.openqa.selenium.By$ByXPath.findElement(By.java:361)
	at org.openqa.selenium.remote.RemoteWebDriver.findElement(RemoteWebDriver.java:311)
	at org.openqa.selenium.support.pagefactory.DefaultElementLocator.findElement(DefaultElementLocator.java:69)
	at org.openqa.selenium.support.pagefactory.internal.LocatingElementHandler.invoke(LocatingElementHandler.java:38)
	at com.sun.proxy.$Proxy16.getText(Unknown Source)
	at Pages.HomePage.computercount(HomePage.java:87)
	at StepDefinition.CreateComputerSteps.theComputerCountIsNotIncreasedByOne(CreateComputerSteps.java:95)
	at ✽.Then The computer count is not increased by one(CreateComputer.feature:64)
</error>
  </testcase>
  <testcase classname="| Melbourne006 | 2012-12-12 | 2013-12-12 | RCA |" name="| Melbourne006 | 2012-12-12 | 2013-12-12 | RCA |" time="0.033">
    <error message="no such element: Unable to locate element: {&quot;method&quot;:&quot;xpath&quot;,&quot;selector&quot;:&quot;//h1[contains(text(),&apos;computers found&apos;)]&quot;}
  (Session info: chrome=71.0.3578.98)
  (Driver info: chromedriver=2.40.565498 (ea082db3280dd6843ebfb08a625e3eb905c4f5ab),platform=Windows NT 10.0.17134 x86_64) (WARNING: The server did not provide any stacktrace information)
Command duration or timeout: 0 milliseconds
For documentation on this error, please visit: http://seleniumhq.org/exceptions/no_such_element.html
Build info: version: &apos;3.11.0&apos;, revision: &apos;e59cfb3&apos;, time: &apos;2018-03-11T20:26:55.152Z&apos;
System info: host: &apos;HARISH&apos;, ip: &apos;192.168.1.6&apos;, os.name: &apos;Windows 10&apos;, os.arch: &apos;amd64&apos;, os.version: &apos;10.0&apos;, java.version: &apos;1.8.0_131&apos;
Driver info: org.openqa.selenium.chrome.ChromeDriver
Capabilities {acceptInsecureCerts: false, acceptSslCerts: false, applicationCacheEnabled: false, browserConnectionEnabled: false, browserName: chrome, chrome: {chromedriverVersion: 2.40.565498 (ea082db3280dd6..., userDataDir: C:\Users\Harish19\AppData\L...}, cssSelectorsEnabled: true, databaseEnabled: false, handlesAlerts: true, hasTouchScreen: false, javascriptEnabled: true, locationContextEnabled: true, mobileEmulationEnabled: false, nativeEvents: true, networkConnectionEnabled: false, pageLoadStrategy: normal, platform: XP, platformName: XP, rotatable: false, setWindowRect: true, takesHeapSnapshot: true, takesScreenshot: true, unexpectedAlertBehaviour: , unhandledPromptBehavior: , version: 71.0.3578.98, webStorageEnabled: true}
Session ID: 677f246234d8c94ee960107de718765d
*** Element info: {Using=xpath, value=//h1[contains(text(),&apos;computers found&apos;)]}" type="org.openqa.selenium.NoSuchElementException">org.openqa.selenium.NoSuchElementException: no such element: Unable to locate element: {&quot;method&quot;:&quot;xpath&quot;,&quot;selector&quot;:&quot;//h1[contains(text(),&apos;computers found&apos;)]&quot;}
  (Session info: chrome=71.0.3578.98)
  (Driver info: chromedriver=2.40.565498 (ea082db3280dd6843ebfb08a625e3eb905c4f5ab),platform=Windows NT 10.0.17134 x86_64) (WARNING: The server did not provide any stacktrace information)
Command duration or timeout: 0 milliseconds
For documentation on this error, please visit: http://seleniumhq.org/exceptions/no_such_element.html
Build info: version: &apos;3.11.0&apos;, revision: &apos;e59cfb3&apos;, time: &apos;2018-03-11T20:26:55.152Z&apos;
System info: host: &apos;HARISH&apos;, ip: &apos;192.168.1.6&apos;, os.name: &apos;Windows 10&apos;, os.arch: &apos;amd64&apos;, os.version: &apos;10.0&apos;, java.version: &apos;1.8.0_131&apos;
Driver info: org.openqa.selenium.chrome.ChromeDriver
Capabilities {acceptInsecureCerts: false, acceptSslCerts: false, applicationCacheEnabled: false, browserConnectionEnabled: false, browserName: chrome, chrome: {chromedriverVersion: 2.40.565498 (ea082db3280dd6..., userDataDir: C:\Users\Harish19\AppData\L...}, cssSelectorsEnabled: true, databaseEnabled: false, handlesAlerts: true, hasTouchScreen: false, javascriptEnabled: true, locationContextEnabled: true, mobileEmulationEnabled: false, nativeEvents: true, networkConnectionEnabled: false, pageLoadStrategy: normal, platform: XP, platformName: XP, rotatable: false, setWindowRect: true, takesHeapSnapshot: true, takesScreenshot: true, unexpectedAlertBehaviour: , unhandledPromptBehavior: , version: 71.0.3578.98, webStorageEnabled: true}
Session ID: 677f246234d8c94ee960107de718765d
*** Element info: {Using=xpath, value=//h1[contains(text(),&apos;computers found&apos;)]}
	at sun.reflect.NativeConstructorAccessorImpl.newInstance0(Native Method)
	at sun.reflect.NativeConstructorAccessorImpl.newInstance(NativeConstructorAccessorImpl.java:62)
	at sun.reflect.DelegatingConstructorAccessorImpl.newInstance(DelegatingConstructorAccessorImpl.java:45)
	at java.lang.reflect.Constructor.newInstance(Constructor.java:423)
	at org.openqa.selenium.remote.ErrorHandler.createThrowable(ErrorHandler.java:214)
	at org.openqa.selenium.remote.ErrorHandler.throwIfResponseFailed(ErrorHandler.java:166)
	at org.openqa.selenium.remote.http.JsonHttpResponseCodec.reconstructValue(JsonHttpResponseCodec.java:40)
	at org.openqa.selenium.remote.http.AbstractHttpResponseCodec.decode(AbstractHttpResponseCodec.java:80)
	at org.openqa.selenium.remote.http.AbstractHttpResponseCodec.decode(AbstractHttpResponseCodec.java:44)
	at org.openqa.selenium.remote.HttpCommandExecutor.execute(HttpCommandExecutor.java:158)
	at org.openqa.selenium.remote.service.DriverCommandExecutor.execute(DriverCommandExecutor.java:83)
	at org.openqa.selenium.remote.RemoteWebDriver.execute(RemoteWebDriver.java:545)
	at org.openqa.selenium.remote.RemoteWebDriver.findElement(RemoteWebDriver.java:319)
	at org.openqa.selenium.remote.RemoteWebDriver.findElementByXPath(RemoteWebDriver.java:421)
	at org.openqa.selenium.By$ByXPath.findElement(By.java:361)
	at org.openqa.selenium.remote.RemoteWebDriver.findElement(RemoteWebDriver.java:311)
	at org.openqa.selenium.support.pagefactory.DefaultElementLocator.findElement(DefaultElementLocator.java:69)
	at org.openqa.selenium.support.pagefactory.internal.LocatingElementHandler.invoke(LocatingElementHandler.java:38)
	at com.sun.proxy.$Proxy16.getText(Unknown Source)
	at Pages.HomePage.computercount(HomePage.java:87)
	at StepDefinition.CreateComputerSteps.theComputerCountIsNotIncreasedByOne(CreateComputerSteps.java:95)
	at ✽.Then The computer count is not increased by one(CreateComputer.feature:64)
</error>
  </testcase>
  <testcase classname="| Melbourne007 | 2012-12-12 | 2013-12-12 | RCA |" name="Given I load the home page" time="0"/>
  <testcase classname="| Melbourne007 | 2012-12-12 | 2013-12-12 | RCA |" name="And I note down the computer count" time="0"/>
  <testcase classname="| Melbourne007 | 2012-12-12 | 2013-12-12 | RCA |" name="And I click the create computer button" time="0"/>
  <testcase classname="| Melbourne007 | 2012-12-12 | 2013-12-12 | RCA |" name="And I enter the computer details Melbourne007,2012-12-12,2013-12-12,RCA" time="0"/>
  <testcase classname="| Melbourne007 | 2012-12-12 | 2013-12-12 | RCA |" name="And I click the cancel button" time="0"/>
  <testcase classname="| Melbourne007 | 2012-12-12 | 2013-12-12 | RCA |" name="And I enter the Melbourne007 in the filter text box" time="0"/>
  <testcase classname="| Melbourne007 | 2012-12-12 | 2013-12-12 | RCA |" name="And I click the filter button" time="0"/>
  <testcase classname="| Melbourne007 | 2012-12-12 | 2013-12-12 | RCA |" name="Then I verify no results are displayed" time="0"/>
  <testcase classname="| Melbourne007 | 2012-12-12 | 2013-12-12 | RCA |" name="| Melbourne007 | 2012-12-12 | 2013-12-12 | RCA |" time="1.911"/>
  <testcase classname="| Melbourne001 | 2012-12-12 | 2013-12-12 | RCA |" name="Given I load the home page" time="0.001"/>
  <testcase classname="| Melbourne001 | 2012-12-12 | 2013-12-12 | RCA |" name="And I note down the computer count" time="0"/>
  <testcase classname="| Melbourne001 | 2012-12-12 | 2013-12-12 | RCA |" name="And I click the create computer button" time="0"/>
  <testcase classname="| Melbourne001 | 2012-12-12 | 2013-12-12 | RCA |" name="And I enter the computer details Melbourne001,2012-12-12,2013-12-12,RCA" time="0"/>
  <testcase classname="| Melbourne001 | 2012-12-12 | 2013-12-12 | RCA |" name="And I click the create this computer button" time="0"/>
  <testcase classname="| Melbourne001 | 2012-12-12 | 2013-12-12 | RCA |" name="Then I verify success message for Melbourne001 is not displayed" time="0">
    <failure message="Success message should not be displayed" type="junit.framework.AssertionFailedError">junit.framework.AssertionFailedError: Success message should not be displayed
	at junit.framework.Assert.fail(Assert.java:57)
	at junit.framework.Assert.assertTrue(Assert.java:22)
	at junit.framework.TestCase.assertTrue(TestCase.java:192)
	at StepDefinition.CreateComputerSteps.iVerifyCreateComputerSuccessMessageIsNotDisplayed(CreateComputerSteps.java:67)
	at ✽.Then I verify success message for Melbourne001 is not displayed(CreateComputer.feature:86)
</failure>
  </testcase>
  <testcase classname="| Melbourne001 | 2012-12-12 | 2013-12-12 | RCA |" name="| Melbourne001 | 2012-12-12 | 2013-12-12 | RCA |" time="0.001">
    <failure message="Success message should not be displayed" type="junit.framework.AssertionFailedError">junit.framework.AssertionFailedError: Success message should not be displayed
	at junit.framework.Assert.fail(Assert.java:57)
	at junit.framework.Assert.assertTrue(Assert.java:22)
	at junit.framework.TestCase.assertTrue(TestCase.java:192)
	at StepDefinition.CreateComputerSteps.iVerifyCreateComputerSuccessMessageIsNotDisplayed(CreateComputerSteps.java:67)
	at ✽.Then I verify success message for Melbourne001 is not displayed(CreateComputer.feature:86)
</failure>
  </testcase>
  <testcase classname="| Melbourne009 | 2013-12-12 | 2013-12-12 | RCA |" name="Given I load the home page" time="0"/>
  <testcase classname="| Melbourne009 | 2013-12-12 | 2013-12-12 | RCA |" name="And I note down the computer count" time="0"/>
  <testcase classname="| Melbourne009 | 2013-12-12 | 2013-12-12 | RCA |" name="And I click the create computer button" time="0"/>
  <testcase classname="| Melbourne009 | 2013-12-12 | 2013-12-12 | RCA |" name="And I enter the computer details Melbourne009,2013-12-12,2013-12-12,RCA" time="0"/>
  <testcase classname="| Melbourne009 | 2013-12-12 | 2013-12-12 | RCA |" name="And I click the create this computer button" time="0"/>
  <testcase classname="| Melbourne009 | 2013-12-12 | 2013-12-12 | RCA |" name="Then I verify success message for Melbourne009 is not displayed" time="0.001">
    <failure message="Success message should not be displayed" type="junit.framework.AssertionFailedError">junit.framework.AssertionFailedError: Success message should not be displayed
	at junit.framework.Assert.fail(Assert.java:57)
	at junit.framework.Assert.assertTrue(Assert.java:22)
	at junit.framework.TestCase.assertTrue(TestCase.java:192)
	at StepDefinition.CreateComputerSteps.iVerifyCreateComputerSuccessMessageIsNotDisplayed(CreateComputerSteps.java:67)
	at ✽.Then I verify success message for Melbourne009 is not displayed(CreateComputer.feature:96)
</failure>
  </testcase>
  <testcase classname="| Melbourne009 | 2013-12-12 | 2013-12-12 | RCA |" name="| Melbourne009 | 2013-12-12 | 2013-12-12 | RCA |" time="0.001">
    <failure message="Success message should not be displayed" type="junit.framework.AssertionFailedError">junit.framework.AssertionFailedError: Success message should not be displayed
	at junit.framework.Assert.fail(Assert.java:57)
	at junit.framework.Assert.assertTrue(Assert.java:22)
	at junit.framework.TestCase.assertTrue(TestCase.java:192)
	at StepDefinition.CreateComputerSteps.iVerifyCreateComputerSuccessMessageIsNotDisplayed(CreateComputerSteps.java:67)
	at ✽.Then I verify success message for Melbourne009 is not displayed(CreateComputer.feature:96)
</failure>
  </testcase>
  <testcase classname="| Melbourne010 | 2012/12/12 | 2013-12-12 | RCA |" name="Given I load the home page" time="0"/>
  <testcase classname="| Melbourne010 | 2012/12/12 | 2013-12-12 | RCA |" name="And I note down the computer count" time="0"/>
  <testcase classname="| Melbourne010 | 2012/12/12 | 2013-12-12 | RCA |" name="And I click the create computer button" time="0"/>
  <testcase classname="| Melbourne010 | 2012/12/12 | 2013-12-12 | RCA |" name="And I enter the computer details Melbourne010,2012/12/12,2013-12-12,RCA" time="0"/>
  <testcase classname="| Melbourne010 | 2012/12/12 | 2013-12-12 | RCA |" name="And I click the create this computer button" time="0"/>
  <testcase classname="| Melbourne010 | 2012/12/12 | 2013-12-12 | RCA |" name="And I verify the introduced date field is highlighted in red" time="0"/>
  <testcase classname="| Melbourne010 | 2012/12/12 | 2013-12-12 | RCA |" name="| Melbourne010 | 2012/12/12 | 2013-12-12 | RCA |" time="1.585"/>
  <testcase classname="| Melbourne010 | 2012-12-12 | 2013/12/12 | RCA |" name="Given I load the home page" time="0"/>
  <testcase classname="| Melbourne010 | 2012-12-12 | 2013/12/12 | RCA |" name="And I note down the computer count" time="0"/>
  <testcase classname="| Melbourne010 | 2012-12-12 | 2013/12/12 | RCA |" name="And I click the create computer button" time="0"/>
  <testcase classname="| Melbourne010 | 2012-12-12 | 2013/12/12 | RCA |" name="And I enter the computer details Melbourne010,2012-12-12,2013/12/12,RCA" time="0"/>
  <testcase classname="| Melbourne010 | 2012-12-12 | 2013/12/12 | RCA |" name="And I click the create this computer button" time="0"/>
  <testcase classname="| Melbourne010 | 2012-12-12 | 2013/12/12 | RCA |" name="And I verify the discontinued date field is highlighted in red" time="0"/>
  <testcase classname="| Melbourne010 | 2012-12-12 | 2013/12/12 | RCA |" name="| Melbourne010 | 2012-12-12 | 2013/12/12 | RCA |" time="1.883"/>
</testsuite>